1687565676721	geckodriver	INFO	Listening on 127.0.0.1:51167
1687565679819	mozrunner::runner	INFO	Running command: "C:\\Program Files\\Mozilla Firefox\\firefox.exe" "--marionette" "--remote-debugging-port" "51168" "--remote-allow-hosts" "localhost" "-no-remote" "-profile" "C:\\Users\\ABISHAR\\AppData\\Local\\Temp\\rust_mozprofile9oHkh6"
console.warn: services.settings: Ignoring preference override of remote settings server
console.warn: services.settings: Allow by setting MOZ_REMOTE_SETTINGS_DEVTOOLS=1 in the environment
1687565683167	Marionette	INFO	Marionette enabled
Dynamically enable window occlusion 0
1687565683198	Marionette	INFO	Listening on port 51178
Read port: 51178
WebDriver BiDi listening on ws://127.0.0.1:51168
1687565684053	RemoteAgent	WARN	TLS certificate errors will be ignored for this session
DevTools listening on ws://127.0.0.1:51168/devtools/browser/56d395b6-ed99-4a40-89ac-57af952ec09e
JavaScript error: resource://gre/modules/LoginManagerChild.sys.mjs, line 102: NS_NOINTERFACE: Component returned failure code: 0x80004002 (NS_NOINTERFACE) [nsIWebProgress.DOMWindow]
JavaScript error: resource://gre/modules/LoginManagerChild.sys.mjs, line 102: NS_NOINTERFACE: Component returned failure code: 0x80004002 (NS_NOINTERFACE) [nsIWebProgress.DOMWindow]
JavaScript error: resource://gre/modules/LoginManagerChild.sys.mjs, line 102: NS_NOINTERFACE: Component returned failure code: 0x80004002 (NS_NOINTERFACE) [nsIWebProgress.DOMWindow]
JavaScript error: resource://gre/modules/LoginManagerChild.sys.mjs, line 102: NS_NOINTERFACE: Component returned failure code: 0x80004002 (NS_NOINTERFACE) [nsIWebProgress.DOMWindow]
JavaScript error: resource://gre/modules/LoginManagerChild.sys.mjs, line 102: NS_NOINTERFACE: Component returned failure code: 0x80004002 (NS_NOINTERFACE) [nsIWebProgress.DOMWindow]
JavaScript error: resource://gre/modules/LoginManagerChild.sys.mjs, line 102: NS_NOINTERFACE: Component returned failure code: 0x80004002 (NS_NOINTERFACE) [nsIWebProgress.DOMWindow]
1687565717237	Marionette	INFO	Stopped listening on port 51178
Dynamically enable window occlusion 1
console.warn: services.settings: main/cookie-banner-rules-list sync interrupted by shutdown
console.warn: services.settings: main/normandy-recipes-capabilities sync interrupted by shutdown
console.warn: services.settings: main/sites-classification sync interrupted by shutdown
console.warn: services.settings: main/anti-tracking-url-decoration sync interrupted by shutdown
console.warn: services.settings: main/search-default-override-allowlist sync interrupted by shutdown
console.warn: services.settings: main/hijack-blocklists sync interrupted by shutdown
console.warn: services.settings: main/url-classifier-skip-urls sync interrupted by shutdown
console.warn: services.settings: main/pioneer-study-addons-v1 sync interrupted by shutdown
console.warn: services.settings: main/top-sites sync interrupted by shutdown
console.warn: services.settings: main/doh-providers sync interrupted by shutdown
console.warn: services.settings: main/addons-manager-settings sync interrupted by shutdown
console.warn: services.settings: main/doh-config sync interrupted by shutdown
console.warn: services.settings: main/devtools-devices sync interrupted by shutdown
console.warn: services.settings: main/websites-with-shared-credential-backends sync interrupted by shutdown
console.warn: services.settings: main/language-dictionaries sync interrupted by shutdown
console.warn: services.settings: main/password-recipes sync interrupted by shutdown
console.warn: services.settings: main/password-rules sync interrupted by shutdown
console.warn: services.settings: main/search-telemetry-v2 sync interrupted by shutdown
